2021-07-25 20:56:59; 29186; 4451741184; INFO; django.utils.autoreload; Watching for file changes with StatReloader
2021-07-25 21:00:31; 29186; 123145445740544; WARNING; django.request; Not Found: /static/vendor/fontawesome/fontawesome-free/css/all.css
2021-07-25 21:00:31; 29186; 123145479319552; WARNING; django.request; Not Found: /static/vendor/jquery/jquery.min.js
2021-07-25 21:00:31; 29186; 123145462530048; WARNING; django.request; Not Found: /static/vendor/admin-lte/dist/css/adminlte.min.css
2021-07-25 21:00:31; 29186; 123145496109056; WARNING; django.request; Not Found: /static/vendor/bootstrap/js/bootstrap.bundle.js
2021-07-25 21:00:31; 29186; 123145512898560; WARNING; django.request; Not Found: /static/vendor/admin-lte/dist/js/adminlte.min.js
2021-07-25 21:00:31; 29186; 123145512898560; WARNING; django.request; Not Found: /static/vendor/bootstrap/js/bootstrap.bundle.js
2021-07-25 21:00:31; 29186; 123145512898560; WARNING; django.request; Not Found: /static/vendor/admin-lte/dist/js/adminlte.min.js
2021-07-25 21:00:31; 29186; 123145512898560; WARNING; django.request; Not Found: /favicon.ico
2021-07-25 21:00:33; 29186; 123145512898560; WARNING; django.request; Not Found: /static/vendor/fontawesome/fontawesome-free/css/all.css
2021-07-25 21:00:33; 29186; 123145496109056; WARNING; django.request; Not Found: /static/vendor/admin-lte/dist/css/adminlte.min.css
2021-07-25 21:00:33; 29186; 123145462530048; WARNING; django.request; Not Found: /static/vendor/jquery/jquery.min.js
2021-07-25 21:00:33; 29186; 123145479319552; WARNING; django.request; Not Found: /static/vendor/bootstrap/js/bootstrap.bundle.js
2021-07-25 21:00:33; 29186; 123145445740544; WARNING; django.request; Not Found: /static/vendor/admin-lte/dist/js/adminlte.min.js
2021-07-25 21:00:35; 29186; 123145445740544; WARNING; django.request; Not Found: /static/vendor/fontawesome/fontawesome-free/css/all.css
2021-07-25 21:00:35; 29186; 123145479319552; WARNING; django.request; Not Found: /static/vendor/admin-lte/dist/css/adminlte.min.css
2021-07-25 21:00:35; 29186; 123145512898560; WARNING; django.request; Not Found: /static/vendor/jquery/jquery.min.js
2021-07-25 21:00:35; 29186; 123145496109056; WARNING; django.request; Not Found: /static/vendor/bootstrap/js/bootstrap.bundle.js
2021-07-25 21:00:35; 29186; 123145462530048; WARNING; django.request; Not Found: /static/vendor/admin-lte/dist/js/adminlte.min.js
2021-07-25 21:00:41; 29186; 123145462530048; WARNING; django.request; Not Found: /static/vendor/fontawesome/fontawesome-free/css/all.css
2021-07-25 21:00:41; 29186; 123145496109056; WARNING; django.request; Not Found: /static/vendor/admin-lte/dist/css/adminlte.min.css
2021-07-25 21:00:53; 29186; 123145496109056; WARNING; django.request; Not Found: /static/vendor/fontawesome/fontawesome-free/css/all.css
2021-07-25 21:00:53; 29186; 123145479319552; WARNING; django.request; Not Found: /static/vendor/jquery/jquery.min.js
2021-07-25 21:00:53; 29186; 123145445740544; WARNING; django.request; Not Found: /static/vendor/admin-lte/dist/js/adminlte.min.js
2021-07-25 21:00:53; 29186; 123145462530048; WARNING; django.request; Not Found: /static/vendor/admin-lte/dist/css/adminlte.min.css
2021-07-25 21:00:53; 29186; 123145512898560; WARNING; django.request; Not Found: /static/vendor/bootstrap/js/bootstrap.bundle.js
2021-07-25 21:00:53; 29186; 123145462530048; WARNING; django.request; Not Found: /static/vendor/bootstrap/js/bootstrap.bundle.js
2021-07-25 21:00:53; 29186; 123145462530048; WARNING; django.request; Not Found: /static/vendor/admin-lte/dist/js/adminlte.min.js
2021-07-25 21:00:53; 29186; 123145462530048; WARNING; django.request; Not Found: /favicon.ico
2021-07-25 21:02:41; 29186; 4451741184; INFO; django.utils.autoreload; /Users/nikitagorojanin/PycharmProjects/terrapro_admin/terrapro_admin/settings.py changed, reloading.
2021-07-25 21:02:42; 29232; 4728524288; INFO; django.utils.autoreload; Watching for file changes with StatReloader
2021-07-25 21:02:49; 29232; 123145604780032; WARNING; django.request; Not Found: /resources/vendor/jquery/jquery.min.js
2021-07-25 21:02:49; 29232; 123145587990528; WARNING; django.request; Not Found: /resources/vendor/admin-lte/dist/css/adminlte.min.css
2021-07-25 21:02:49; 29232; 123145621569536; WARNING; django.request; Not Found: /resources/vendor/bootstrap/js/bootstrap.bundle.js
2021-07-25 21:02:49; 29232; 123145571201024; WARNING; django.request; Not Found: /resources/vendor/fontawesome/fontawesome-free/css/all.css
2021-07-25 21:02:49; 29232; 123145638359040; WARNING; django.request; Not Found: /resources/vendor/admin-lte/dist/js/adminlte.min.js
2021-07-25 21:02:49; 29232; 123145638359040; WARNING; django.request; Not Found: /resources/vendor/bootstrap/js/bootstrap.bundle.js
2021-07-25 21:02:49; 29232; 123145638359040; WARNING; django.request; Not Found: /resources/vendor/admin-lte/dist/js/adminlte.min.js
2021-07-25 21:03:01; 29232; 4728524288; INFO; django.utils.autoreload; /Users/nikitagorojanin/PycharmProjects/terrapro_admin/terrapro_admin/settings.py changed, reloading.
2021-07-25 21:03:03; 29257; 4695748096; INFO; django.utils.autoreload; Watching for file changes with StatReloader
2021-07-25 21:03:05; 29257; 123145576615936; WARNING; django.request; Not Found: /resources/static/vendor/fontawesome/fontawesome-free/css/all.css
2021-07-25 21:03:05; 29257; 123145593405440; WARNING; django.request; Not Found: /resources/static/vendor/admin-lte/dist/css/adminlte.min.css
2021-07-25 21:03:05; 29257; 123145610194944; WARNING; django.request; Not Found: /resources/static/vendor/jquery/jquery.min.js
2021-07-25 21:03:05; 29257; 123145626984448; WARNING; django.request; Not Found: /resources/static/vendor/bootstrap/js/bootstrap.bundle.js
2021-07-25 21:03:05; 29257; 123145643773952; WARNING; django.request; Not Found: /resources/static/vendor/admin-lte/dist/js/adminlte.min.js
2021-07-25 21:03:06; 29257; 123145643773952; WARNING; django.request; Not Found: /resources/static/vendor/bootstrap/js/bootstrap.bundle.js
2021-07-25 21:03:06; 29257; 123145643773952; WARNING; django.request; Not Found: /resources/static/vendor/admin-lte/dist/js/adminlte.min.js
2021-07-25 21:03:07; 29257; 123145643773952; WARNING; django.request; Not Found: /resources/static/vendor/fontawesome/fontawesome-free/css/all.css
2021-07-25 21:03:07; 29257; 123145593405440; WARNING; django.request; Not Found: /resources/static/vendor/admin-lte/dist/css/adminlte.min.css
2021-07-25 21:03:07; 29257; 123145626984448; WARNING; django.request; Not Found: /resources/static/vendor/jquery/jquery.min.js
2021-07-25 21:03:07; 29257; 123145610194944; WARNING; django.request; Not Found: /resources/static/vendor/bootstrap/js/bootstrap.bundle.js
2021-07-25 21:03:07; 29257; 123145643773952; WARNING; django.request; Not Found: /resources/static/vendor/admin-lte/dist/js/adminlte.min.js
2021-07-25 21:03:07; 29257; 123145643773952; WARNING; django.request; Not Found: /resources/static/vendor/bootstrap/js/bootstrap.bundle.js
2021-07-25 21:03:07; 29257; 123145643773952; WARNING; django.request; Not Found: /resources/static/vendor/admin-lte/dist/js/adminlte.min.js
2021-07-25 21:03:38; 29257; 4695748096; INFO; django.utils.autoreload; /Users/nikitagorojanin/PycharmProjects/terrapro_admin/terrapro_admin/settings.py changed, reloading.
2021-07-25 21:03:39; 29274; 4608126464; INFO; django.utils.autoreload; Watching for file changes with StatReloader
2021-07-25 21:04:09; 29274; 4608126464; INFO; django.utils.autoreload; /Users/nikitagorojanin/PycharmProjects/terrapro_admin/terrapro_admin/local_settings.py changed, reloading.
2021-07-25 21:04:10; 29285; 4601486848; INFO; django.utils.autoreload; Watching for file changes with StatReloader
2021-07-25 21:09:54; 29285; 123145490059264; ERROR; django.request; Internal Server Error: /
Traceback (most recent call last):
  File "/Users/nikitagorojanin/PycharmProjects/terrapro_admin/venv/lib/python3.8/site-packages/django/core/handlers/exception.py", line 47, in inner
    response = get_response(request)
  File "/Users/nikitagorojanin/PycharmProjects/terrapro_admin/venv/lib/python3.8/site-packages/django/core/handlers/base.py", line 181, in _get_response
    response = wrapped_callback(request, *callback_args, **callback_kwargs)
  File "/Users/nikitagorojanin/PycharmProjects/terrapro_admin/venv/lib/python3.8/site-packages/django/views/generic/base.py", line 70, in view
    return self.dispatch(request, *args, **kwargs)
  File "/Users/nikitagorojanin/PycharmProjects/terrapro_admin/venv/lib/python3.8/site-packages/django/contrib/auth/mixins.py", line 71, in dispatch
    return super().dispatch(request, *args, **kwargs)
  File "/Users/nikitagorojanin/PycharmProjects/terrapro_admin/venv/lib/python3.8/site-packages/django/views/generic/base.py", line 98, in dispatch
    return handler(request, *args, **kwargs)
  File "/Users/nikitagorojanin/PycharmProjects/terrapro_admin/terrapro_admin/views.py", line 8, in get
    return render(request, template_name='home.html')
  File "/Users/nikitagorojanin/PycharmProjects/terrapro_admin/venv/lib/python3.8/site-packages/django/shortcuts.py", line 19, in render
    content = loader.render_to_string(template_name, context, request, using=using)
  File "/Users/nikitagorojanin/PycharmProjects/terrapro_admin/venv/lib/python3.8/site-packages/django/template/loader.py", line 62, in render_to_string
    return template.render(context, request)
  File "/Users/nikitagorojanin/PycharmProjects/terrapro_admin/venv/lib/python3.8/site-packages/django/template/backends/django.py", line 61, in render
    return self.template.render(context)
  File "/Users/nikitagorojanin/PycharmProjects/terrapro_admin/venv/lib/python3.8/site-packages/django/template/base.py", line 170, in render
    return self._render(context)
  File "/Users/nikitagorojanin/PycharmProjects/terrapro_admin/venv/lib/python3.8/site-packages/django/template/base.py", line 162, in _render
    return self.nodelist.render(context)
  File "/Users/nikitagorojanin/PycharmProjects/terrapro_admin/venv/lib/python3.8/site-packages/django/template/base.py", line 938, in render
    bit = node.render_annotated(context)
  File "/Users/nikitagorojanin/PycharmProjects/terrapro_admin/venv/lib/python3.8/site-packages/django/template/base.py", line 905, in render_annotated
    return self.render(context)
  File "/Users/nikitagorojanin/PycharmProjects/terrapro_admin/venv/lib/python3.8/site-packages/django/template/loader_tags.py", line 150, in render
    return compiled_parent._render(context)
  File "/Users/nikitagorojanin/PycharmProjects/terrapro_admin/venv/lib/python3.8/site-packages/django/template/base.py", line 162, in _render
    return self.nodelist.render(context)
  File "/Users/nikitagorojanin/PycharmProjects/terrapro_admin/venv/lib/python3.8/site-packages/django/template/base.py", line 938, in render
    bit = node.render_annotated(context)
  File "/Users/nikitagorojanin/PycharmProjects/terrapro_admin/venv/lib/python3.8/site-packages/django/template/base.py", line 905, in render_annotated
    return self.render(context)
  File "/Users/nikitagorojanin/PycharmProjects/terrapro_admin/venv/lib/python3.8/site-packages/django/template/defaulttags.py", line 446, in render
    url = reverse(view_name, args=args, kwargs=kwargs, current_app=current_app)
  File "/Users/nikitagorojanin/PycharmProjects/terrapro_admin/venv/lib/python3.8/site-packages/django/urls/base.py", line 86, in reverse
    return resolver._reverse_with_prefix(view, prefix, *args, **kwargs)
  File "/Users/nikitagorojanin/PycharmProjects/terrapro_admin/venv/lib/python3.8/site-packages/django/urls/resolvers.py", line 694, in _reverse_with_prefix
    raise NoReverseMatch(msg)
django.urls.exceptions.NoReverseMatch: Reverse for 'logout' not found. 'logout' is not a valid view function or pattern name.
2021-07-25 21:14:54; 29285; 4601486848; INFO; django.utils.autoreload; /Users/nikitagorojanin/PycharmProjects/terrapro_admin/terrapro_admin/views.py changed, reloading.
2021-07-25 21:14:55; 29442; 4585508352; INFO; django.utils.autoreload; Watching for file changes with StatReloader
2021-07-25 21:14:58; 29451; 4772904448; INFO; django.utils.autoreload; Watching for file changes with StatReloader
2021-07-25 21:21:05; 29451; 4772904448; INFO; django.utils.autoreload; /Users/nikitagorojanin/PycharmProjects/terrapro_admin/terrapro_admin/views.py changed, reloading.
2021-07-25 21:21:05; 29609; 4700286464; INFO; django.utils.autoreload; Watching for file changes with StatReloader
2021-07-25 21:53:52; 29609; 4700286464; INFO; django.utils.autoreload; /Users/nikitagorojanin/PycharmProjects/terrapro_admin/terrapro_admin/settings.py changed, reloading.
2021-07-25 21:53:55; 30102; 4436262400; INFO; django.utils.autoreload; Watching for file changes with StatReloader
2021-07-25 21:58:41; 30202; 4481744384; INFO; django.utils.autoreload; Watching for file changes with StatReloader
2021-07-25 21:58:51; 30202; 123145364295680; ERROR; django.request; Internal Server Error: /
Traceback (most recent call last):
  File "/Users/nikitagorojanin/PycharmProjects/terrapro_admin/venv/lib/python3.8/site-packages/django/urls/base.py", line 71, in reverse
    extra, resolver = resolver.namespace_dict[ns]
KeyError: 'post'

During handling of the above exception, another exception occurred:

Traceback (most recent call last):
  File "/Users/nikitagorojanin/PycharmProjects/terrapro_admin/venv/lib/python3.8/site-packages/django/core/handlers/exception.py", line 47, in inner
    response = get_response(request)
  File "/Users/nikitagorojanin/PycharmProjects/terrapro_admin/venv/lib/python3.8/site-packages/django/core/handlers/base.py", line 181, in _get_response
    response = wrapped_callback(request, *callback_args, **callback_kwargs)
  File "/Users/nikitagorojanin/PycharmProjects/terrapro_admin/venv/lib/python3.8/site-packages/django/views/generic/base.py", line 70, in view
    return self.dispatch(request, *args, **kwargs)
  File "/Users/nikitagorojanin/PycharmProjects/terrapro_admin/venv/lib/python3.8/site-packages/django/contrib/auth/mixins.py", line 71, in dispatch
    return super().dispatch(request, *args, **kwargs)
  File "/Users/nikitagorojanin/PycharmProjects/terrapro_admin/venv/lib/python3.8/site-packages/django/views/generic/base.py", line 98, in dispatch
    return handler(request, *args, **kwargs)
  File "/Users/nikitagorojanin/PycharmProjects/terrapro_admin/terrapro_admin/views.py", line 12, in get
    return render(
  File "/Users/nikitagorojanin/PycharmProjects/terrapro_admin/venv/lib/python3.8/site-packages/django/shortcuts.py", line 19, in render
    content = loader.render_to_string(template_name, context, request, using=using)
  File "/Users/nikitagorojanin/PycharmProjects/terrapro_admin/venv/lib/python3.8/site-packages/django/template/loader.py", line 62, in render_to_string
    return template.render(context, request)
  File "/Users/nikitagorojanin/PycharmProjects/terrapro_admin/venv/lib/python3.8/site-packages/django/template/backends/django.py", line 61, in render
    return self.template.render(context)
  File "/Users/nikitagorojanin/PycharmProjects/terrapro_admin/venv/lib/python3.8/site-packages/django/template/base.py", line 170, in render
    return self._render(context)
  File "/Users/nikitagorojanin/PycharmProjects/terrapro_admin/venv/lib/python3.8/site-packages/django/template/base.py", line 162, in _render
    return self.nodelist.render(context)
  File "/Users/nikitagorojanin/PycharmProjects/terrapro_admin/venv/lib/python3.8/site-packages/django/template/base.py", line 938, in render
    bit = node.render_annotated(context)
  File "/Users/nikitagorojanin/PycharmProjects/terrapro_admin/venv/lib/python3.8/site-packages/django/template/base.py", line 905, in render_annotated
    return self.render(context)
  File "/Users/nikitagorojanin/PycharmProjects/terrapro_admin/venv/lib/python3.8/site-packages/django/template/loader_tags.py", line 150, in render
    return compiled_parent._render(context)
  File "/Users/nikitagorojanin/PycharmProjects/terrapro_admin/venv/lib/python3.8/site-packages/django/template/base.py", line 162, in _render
    return self.nodelist.render(context)
  File "/Users/nikitagorojanin/PycharmProjects/terrapro_admin/venv/lib/python3.8/site-packages/django/template/base.py", line 938, in render
    bit = node.render_annotated(context)
  File "/Users/nikitagorojanin/PycharmProjects/terrapro_admin/venv/lib/python3.8/site-packages/django/template/base.py", line 905, in render_annotated
    return self.render(context)
  File "/Users/nikitagorojanin/PycharmProjects/terrapro_admin/venv/lib/python3.8/site-packages/django/template/defaulttags.py", line 446, in render
    url = reverse(view_name, args=args, kwargs=kwargs, current_app=current_app)
  File "/Users/nikitagorojanin/PycharmProjects/terrapro_admin/venv/lib/python3.8/site-packages/django/urls/base.py", line 82, in reverse
    raise NoReverseMatch("%s is not a registered namespace" % key)
django.urls.exceptions.NoReverseMatch: 'post' is not a registered namespace
2021-07-25 21:59:07; 30217; 4611247616; INFO; django.utils.autoreload; Watching for file changes with StatReloader
2021-07-26 06:11:24; 30334; 4486315520; INFO; django.utils.autoreload; Watching for file changes with StatReloader
2021-07-26 06:13:07; 30385; 4518366720; INFO; django.utils.autoreload; Watching for file changes with StatReloader
2021-07-26 06:17:44; 30418; 4703100416; INFO; django.utils.autoreload; Watching for file changes with StatReloader
2021-07-26 06:43:59; 30418; 123145337417728; WARNING; django.request; Not Found: /post/list
2021-07-26 06:44:51; 30418; 4703100416; INFO; django.utils.autoreload; /Users/nikitagorojanin/PycharmProjects/terrapro_admin/terrapro_admin/urls.py changed, reloading.
2021-07-26 06:44:53; 30703; 4700720640; INFO; django.utils.autoreload; Watching for file changes with StatReloader
2021-07-26 06:45:14; 30720; 4590833152; INFO; django.utils.autoreload; Watching for file changes with StatReloader
2021-07-26 06:45:22; 30720; 123145537900544; ERROR; django.request; Internal Server Error: /post/list
Traceback (most recent call last):
  File "/Users/nikitagorojanin/PycharmProjects/terrapro_admin/venv/lib/python3.8/site-packages/django/core/handlers/exception.py", line 47, in inner
    response = get_response(request)
  File "/Users/nikitagorojanin/PycharmProjects/terrapro_admin/venv/lib/python3.8/site-packages/django/core/handlers/base.py", line 181, in _get_response
    response = wrapped_callback(request, *callback_args, **callback_kwargs)
  File "/Users/nikitagorojanin/PycharmProjects/terrapro_admin/venv/lib/python3.8/site-packages/django/views/generic/base.py", line 70, in view
    return self.dispatch(request, *args, **kwargs)
  File "/Users/nikitagorojanin/PycharmProjects/terrapro_admin/venv/lib/python3.8/site-packages/django/views/generic/base.py", line 98, in dispatch
    return handler(request, *args, **kwargs)
  File "/Users/nikitagorojanin/PycharmProjects/terrapro_admin/post/views/list.py", line 11, in get
    return render(request, template_name='list.html', context={'posts': posts})
  File "/Users/nikitagorojanin/PycharmProjects/terrapro_admin/venv/lib/python3.8/site-packages/django/shortcuts.py", line 19, in render
    content = loader.render_to_string(template_name, context, request, using=using)
  File "/Users/nikitagorojanin/PycharmProjects/terrapro_admin/venv/lib/python3.8/site-packages/django/template/loader.py", line 62, in render_to_string
    return template.render(context, request)
  File "/Users/nikitagorojanin/PycharmProjects/terrapro_admin/venv/lib/python3.8/site-packages/django/template/backends/django.py", line 61, in render
    return self.template.render(context)
  File "/Users/nikitagorojanin/PycharmProjects/terrapro_admin/venv/lib/python3.8/site-packages/django/template/base.py", line 170, in render
    return self._render(context)
  File "/Users/nikitagorojanin/PycharmProjects/terrapro_admin/venv/lib/python3.8/site-packages/django/template/base.py", line 162, in _render
    return self.nodelist.render(context)
  File "/Users/nikitagorojanin/PycharmProjects/terrapro_admin/venv/lib/python3.8/site-packages/django/template/base.py", line 938, in render
    bit = node.render_annotated(context)
  File "/Users/nikitagorojanin/PycharmProjects/terrapro_admin/venv/lib/python3.8/site-packages/django/template/base.py", line 905, in render_annotated
    return self.render(context)
  File "/Users/nikitagorojanin/PycharmProjects/terrapro_admin/venv/lib/python3.8/site-packages/django/template/loader_tags.py", line 150, in render
    return compiled_parent._render(context)
  File "/Users/nikitagorojanin/PycharmProjects/terrapro_admin/venv/lib/python3.8/site-packages/django/template/base.py", line 162, in _render
    return self.nodelist.render(context)
  File "/Users/nikitagorojanin/PycharmProjects/terrapro_admin/venv/lib/python3.8/site-packages/django/template/base.py", line 938, in render
    bit = node.render_annotated(context)
  File "/Users/nikitagorojanin/PycharmProjects/terrapro_admin/venv/lib/python3.8/site-packages/django/template/base.py", line 905, in render_annotated
    return self.render(context)
  File "/Users/nikitagorojanin/PycharmProjects/terrapro_admin/venv/lib/python3.8/site-packages/django/template/loader_tags.py", line 62, in render
    result = block.nodelist.render(context)
  File "/Users/nikitagorojanin/PycharmProjects/terrapro_admin/venv/lib/python3.8/site-packages/django/template/base.py", line 938, in render
    bit = node.render_annotated(context)
  File "/Users/nikitagorojanin/PycharmProjects/terrapro_admin/venv/lib/python3.8/site-packages/django/template/base.py", line 905, in render_annotated
    return self.render(context)
  File "/Users/nikitagorojanin/PycharmProjects/terrapro_admin/venv/lib/python3.8/site-packages/django/template/defaulttags.py", line 446, in render
    url = reverse(view_name, args=args, kwargs=kwargs, current_app=current_app)
  File "/Users/nikitagorojanin/PycharmProjects/terrapro_admin/venv/lib/python3.8/site-packages/django/urls/base.py", line 86, in reverse
    return resolver._reverse_with_prefix(view, prefix, *args, **kwargs)
  File "/Users/nikitagorojanin/PycharmProjects/terrapro_admin/venv/lib/python3.8/site-packages/django/urls/resolvers.py", line 694, in _reverse_with_prefix
    raise NoReverseMatch(msg)
django.urls.exceptions.NoReverseMatch: Reverse for '' not found. '' is not a valid view function or pattern name.
2021-07-26 06:46:04; 30720; 123145537900544; ERROR; django.request; Internal Server Error: /post/list
Traceback (most recent call last):
  File "/Users/nikitagorojanin/PycharmProjects/terrapro_admin/venv/lib/python3.8/site-packages/django/core/handlers/exception.py", line 47, in inner
    response = get_response(request)
  File "/Users/nikitagorojanin/PycharmProjects/terrapro_admin/venv/lib/python3.8/site-packages/django/core/handlers/base.py", line 181, in _get_response
    response = wrapped_callback(request, *callback_args, **callback_kwargs)
  File "/Users/nikitagorojanin/PycharmProjects/terrapro_admin/venv/lib/python3.8/site-packages/django/views/generic/base.py", line 70, in view
    return self.dispatch(request, *args, **kwargs)
  File "/Users/nikitagorojanin/PycharmProjects/terrapro_admin/venv/lib/python3.8/site-packages/django/views/generic/base.py", line 98, in dispatch
    return handler(request, *args, **kwargs)
  File "/Users/nikitagorojanin/PycharmProjects/terrapro_admin/post/views/list.py", line 11, in get
    return render(request, template_name='list.html', context={'posts': posts})
  File "/Users/nikitagorojanin/PycharmProjects/terrapro_admin/venv/lib/python3.8/site-packages/django/shortcuts.py", line 19, in render
    content = loader.render_to_string(template_name, context, request, using=using)
  File "/Users/nikitagorojanin/PycharmProjects/terrapro_admin/venv/lib/python3.8/site-packages/django/template/loader.py", line 62, in render_to_string
    return template.render(context, request)
  File "/Users/nikitagorojanin/PycharmProjects/terrapro_admin/venv/lib/python3.8/site-packages/django/template/backends/django.py", line 61, in render
    return self.template.render(context)
  File "/Users/nikitagorojanin/PycharmProjects/terrapro_admin/venv/lib/python3.8/site-packages/django/template/base.py", line 170, in render
    return self._render(context)
  File "/Users/nikitagorojanin/PycharmProjects/terrapro_admin/venv/lib/python3.8/site-packages/django/template/base.py", line 162, in _render
    return self.nodelist.render(context)
  File "/Users/nikitagorojanin/PycharmProjects/terrapro_admin/venv/lib/python3.8/site-packages/django/template/base.py", line 938, in render
    bit = node.render_annotated(context)
  File "/Users/nikitagorojanin/PycharmProjects/terrapro_admin/venv/lib/python3.8/site-packages/django/template/base.py", line 905, in render_annotated
    return self.render(context)
  File "/Users/nikitagorojanin/PycharmProjects/terrapro_admin/venv/lib/python3.8/site-packages/django/template/loader_tags.py", line 150, in render
    return compiled_parent._render(context)
  File "/Users/nikitagorojanin/PycharmProjects/terrapro_admin/venv/lib/python3.8/site-packages/django/template/base.py", line 162, in _render
    return self.nodelist.render(context)
  File "/Users/nikitagorojanin/PycharmProjects/terrapro_admin/venv/lib/python3.8/site-packages/django/template/base.py", line 938, in render
    bit = node.render_annotated(context)
  File "/Users/nikitagorojanin/PycharmProjects/terrapro_admin/venv/lib/python3.8/site-packages/django/template/base.py", line 905, in render_annotated
    return self.render(context)
  File "/Users/nikitagorojanin/PycharmProjects/terrapro_admin/venv/lib/python3.8/site-packages/django/template/loader_tags.py", line 62, in render
    result = block.nodelist.render(context)
  File "/Users/nikitagorojanin/PycharmProjects/terrapro_admin/venv/lib/python3.8/site-packages/django/template/base.py", line 938, in render
    bit = node.render_annotated(context)
  File "/Users/nikitagorojanin/PycharmProjects/terrapro_admin/venv/lib/python3.8/site-packages/django/template/base.py", line 905, in render_annotated
    return self.render(context)
  File "/Users/nikitagorojanin/PycharmProjects/terrapro_admin/venv/lib/python3.8/site-packages/django/template/defaulttags.py", line 446, in render
    url = reverse(view_name, args=args, kwargs=kwargs, current_app=current_app)
  File "/Users/nikitagorojanin/PycharmProjects/terrapro_admin/venv/lib/python3.8/site-packages/django/urls/base.py", line 86, in reverse
    return resolver._reverse_with_prefix(view, prefix, *args, **kwargs)
  File "/Users/nikitagorojanin/PycharmProjects/terrapro_admin/venv/lib/python3.8/site-packages/django/urls/resolvers.py", line 694, in _reverse_with_prefix
    raise NoReverseMatch(msg)
django.urls.exceptions.NoReverseMatch: Reverse for '' not found. '' is not a valid view function or pattern name.
2021-07-26 06:47:40; 30720; 123145588269056; WARNING; django.request; Not Found: /favicon.ico
2021-07-26 06:48:01; 30720; 123145588269056; WARNING; django.request; Not Found: /favicon.ico
2021-07-26 08:03:24; 30720; 4590833152; INFO; django.utils.autoreload; /Users/nikitagorojanin/PycharmProjects/terrapro_admin/api/models.py changed, reloading.
2021-07-26 08:03:25; 31959; 4494732800; INFO; django.utils.autoreload; Watching for file changes with StatReloader
